[debug] [2022-05-29T00:55:11.943Z] ----------------------------------------------------------------------
[debug] [2022-05-29T00:55:11.944Z] Command:       /Users/danielapodaca/.nvm/versions/node/v16.14.0/bin/node /Users/danielapodaca/.nvm/versions/node/v16.14.0/bin/firebase emulators:start --only functions,firestore,auth,storage,ui
[debug] [2022-05-29T00:55:11.944Z] CLI Version:   11.0.0
[debug] [2022-05-29T00:55:11.944Z] Platform:      darwin
[debug] [2022-05-29T00:55:11.944Z] Node Version:  v16.14.0
[debug] [2022-05-29T00:55:11.944Z] Time:          Sat May 28 2022 18:55:11 GMT-0600 (Mexican Pacific Daylight Time)
[debug] [2022-05-29T00:55:11.944Z] ----------------------------------------------------------------------
[debug] 
[debug] [2022-05-29T00:55:11.972Z] > command requires scopes: ["email","openid","https://www.googleapis.com/auth/cloudplatformprojects.readonly","https://www.googleapis.com/auth/firebase","https://www.googleapis.com/auth/cloud-platform"]
[debug] [2022-05-29T00:55:11.972Z] > authorizing via signed-in user (apodacaduron@gmail.com)
[debug] [2022-05-29T00:55:12.006Z] java version "18.0.1.1" 2022-04-22
Java(TM) SE Runtime Environment (build 18.0.1.1+2-6)

[debug] [2022-05-29T00:55:12.007Z] Java HotSpot(TM) 64-Bit Server VM (build 18.0.1.1+2-6, mixed mode, sharing)

[debug] [2022-05-29T00:55:12.008Z] Parsed Java major version: 18
[info] i  emulators: Starting emulators: auth, functions, firestore, storage {"metadata":{"emulator":{"name":"hub"},"message":"Starting emulators: auth, functions, firestore, storage"}}
[warn] ⚠  ui: Not starting the ui emulator, make sure you have run firebase init. {"metadata":{"emulator":{"name":"ui"},"message":"Not starting the \u001b[1mui\u001b[22m emulator, make sure you have run \u001b[1mfirebase init\u001b[22m."}}
[debug] [2022-05-29T00:55:12.022Z] [hub] writing locator at /var/folders/3b/gjbr0b355xxgwc0h_2gpqc6m0000gn/T/hub-ultra-colors-784cb.json
[warn] ⚠  functions: The following emulators are not running, calls to these services from the Functions emulator will affect production: database, hosting, pubsub {"metadata":{"emulator":{"name":"functions"},"message":"The following emulators are not running, calls to these services from the Functions emulator will affect production: \u001b[1mdatabase, hosting, pubsub\u001b[22m"}}
[info] ✔  functions: Using node@16 from host. {"metadata":{"emulator":{"name":"functions"},"message":"Using node@16 from host."}}
[debug] [2022-05-29T00:55:12.031Z] defaultcredentials: writing to file /Users/danielapodaca/.config/firebase/apodacaduron_gmail_com_application_default_credentials.json
[debug] [2022-05-29T00:55:12.033Z] Setting GAC to /Users/danielapodaca/.config/firebase/apodacaduron_gmail_com_application_default_credentials.json {"metadata":{"emulator":{"name":"functions"},"message":"Setting GAC to /Users/danielapodaca/.config/firebase/apodacaduron_gmail_com_application_default_credentials.json"}}
[debug] [2022-05-29T00:55:12.034Z] >>> [apiv2][query] GET https://firebase.googleapis.com/v1beta1/projects/ultra-colors-784cb/adminSdkConfig [none]
[debug] [2022-05-29T00:55:12.328Z] <<< [apiv2][status] GET https://firebase.googleapis.com/v1beta1/projects/ultra-colors-784cb/adminSdkConfig 200
[debug] [2022-05-29T00:55:12.329Z] <<< [apiv2][body] GET https://firebase.googleapis.com/v1beta1/projects/ultra-colors-784cb/adminSdkConfig {"projectId":"ultra-colors-784cb","storageBucket":"ultra-colors-784cb.appspot.com","locationId":"us-central"}
[debug] [2022-05-29T00:55:12.375Z] Ignoring unsupported arg: projectId {"metadata":{"emulator":{"name":"firestore"},"message":"Ignoring unsupported arg: projectId"}}
[debug] [2022-05-29T00:55:12.375Z] Ignoring unsupported arg: auto_download {"metadata":{"emulator":{"name":"firestore"},"message":"Ignoring unsupported arg: auto_download"}}
[debug] [2022-05-29T00:55:12.375Z] Starting Firestore Emulator with command {"binary":"java","args":["-Dgoogle.cloud_firestore.debug_log_level=FINE","-Duser.language=en","-jar","/Users/danielapodaca/.cache/firebase/emulators/cloud-firestore-emulator-v1.14.3.jar","--host","localhost","--port",8080,"--rules","/Users/danielapodaca/Documents/Personal/ultra-colors/firestore.rules","--functions_emulator","localhost:5001"],"optionalArgs":["port","webchannel_port","host","rules","functions_emulator","seed_from_export"],"joinArgs":false} {"metadata":{"emulator":{"name":"firestore"},"message":"Starting Firestore Emulator with command {\"binary\":\"java\",\"args\":[\"-Dgoogle.cloud_firestore.debug_log_level=FINE\",\"-Duser.language=en\",\"-jar\",\"/Users/danielapodaca/.cache/firebase/emulators/cloud-firestore-emulator-v1.14.3.jar\",\"--host\",\"localhost\",\"--port\",8080,\"--rules\",\"/Users/danielapodaca/Documents/Personal/ultra-colors/firestore.rules\",\"--functions_emulator\",\"localhost:5001\"],\"optionalArgs\":[\"port\",\"webchannel_port\",\"host\",\"rules\",\"functions_emulator\",\"seed_from_export\"],\"joinArgs\":false}"}}
[info] i  firestore: Firestore Emulator logging to firestore-debug.log {"metadata":{"emulator":{"name":"firestore"},"message":"Firestore Emulator logging to \u001b[1mfirestore-debug.log\u001b[22m"}}
[debug] [2022-05-29T00:55:12.852Z] May 28, 2022 6:55:12 PM com.google.cloud.datastore.emulator.firestore.websocket.WebSocketServer start
INFO: Started WebSocket server on ws://localhost:50090
 {"metadata":{"emulator":{"name":"firestore"},"message":"May 28, 2022 6:55:12 PM com.google.cloud.datastore.emulator.firestore.websocket.WebSocketServer start\nINFO: Started WebSocket server on ws://localhost:50090\n"}}
[debug] [2022-05-29T00:55:12.863Z] API endpoint: http:// {"metadata":{"emulator":{"name":"firestore"},"message":"API endpoint: http://"}}
[debug] [2022-05-29T00:55:12.864Z] localhost:8080
If you are using a library that supports the FIRESTORE_EMULATOR_HOST environment variable, run:

   export FIRESTORE_EMULATOR_HOST=localhost:8080

Dev App Server is now running.

 {"metadata":{"emulator":{"name":"firestore"},"message":"localhost:8080\nIf you are using a library that supports the FIRESTORE_EMULATOR_HOST environment variable, run:\n\n   export FIRESTORE_EMULATOR_HOST=localhost:8080\n\nDev App Server is now running.\n\n"}}
[debug] [2022-05-29T00:55:15.771Z] Ignoring unsupported arg: port {"metadata":{"emulator":{"name":"storage"},"message":"Ignoring unsupported arg: port"}}
[debug] [2022-05-29T00:55:16.115Z] Temp file directory for storage emulator: /var/folders/3b/gjbr0b355xxgwc0h_2gpqc6m0000gn/T/firebase/storage/blobs {"metadata":{"emulator":{"name":"storage"},"message":"Temp file directory for storage emulator: /var/folders/3b/gjbr0b355xxgwc0h_2gpqc6m0000gn/T/firebase/storage/blobs"}}
[debug] [2022-05-29T00:55:16.123Z] Ignoring unsupported arg: auto_download {"metadata":{"emulator":{"name":"ui"},"message":"Ignoring unsupported arg: auto_download"}}
[debug] [2022-05-29T00:55:16.123Z] Ignoring unsupported arg: port {"metadata":{"emulator":{"name":"ui"},"message":"Ignoring unsupported arg: port"}}
[debug] [2022-05-29T00:55:16.123Z] Starting Emulator UI with command {"binary":"node","args":["--dns-result-order=ipv4first","/Users/danielapodaca/.cache/firebase/emulators/ui-v1.7.0/server.bundle.js"],"optionalArgs":[],"joinArgs":false} {"metadata":{"emulator":{"name":"ui"},"message":"Starting Emulator UI with command {\"binary\":\"node\",\"args\":[\"--dns-result-order=ipv4first\",\"/Users/danielapodaca/.cache/firebase/emulators/ui-v1.7.0/server.bundle.js\"],\"optionalArgs\":[],\"joinArgs\":false}"}}
[info] i  ui: Emulator UI logging to ui-debug.log {"metadata":{"emulator":{"name":"ui"},"message":"Emulator UI logging to \u001b[1mui-debug.log\u001b[22m"}}
[debug] [2022-05-29T00:55:16.177Z] Web / API server started at localhost:4000
 {"metadata":{"emulator":{"name":"ui"},"message":"Web / API server started at localhost:4000\n"}}
[info] i  functions: Watching "/Users/danielapodaca/Documents/Personal/ultra-colors/functions" for Cloud Functions... {"metadata":{"emulator":{"name":"functions"},"message":"Watching \"/Users/danielapodaca/Documents/Personal/ultra-colors/functions\" for Cloud Functions..."}}
[debug] [2022-05-29T00:55:16.400Z] Validating nodejs source
[debug] [2022-05-29T00:55:17.067Z] > [functions] package.json contents: {
  "name": "functions",
  "scripts": {
    "lint": "eslint --ext .js,.ts .",
    "build": "tsc",
    "build:watch": "tsc --watch",
    "serve": "npm run build && firebase emulators:start --only functions",
    "shell": "npm run build && firebase functions:shell",
    "start": "npm run shell",
    "deploy": "firebase deploy --only functions",
    "logs": "firebase functions:log"
  },
  "engines": {
    "node": "16"
  },
  "main": "lib/index.js",
  "dependencies": {
    "firebase-admin": "^10.0.2",
    "firebase-functions": "^3.18.0"
  },
  "devDependencies": {
    "@typescript-eslint/eslint-plugin": "^5.12.0",
    "@typescript-eslint/parser": "^5.12.0",
    "eslint": "^8.9.0",
    "eslint-config-google": "^0.14.0",
    "eslint-plugin-import": "^2.25.4",
    "firebase-functions-test": "^0.2.0",
    "typescript": "^4.5.4"
  },
  "private": true
}
[debug] [2022-05-29T00:55:17.067Z] Building nodejs source
[debug] [2022-05-29T00:55:17.067Z] Analyzing nodejs backend spec
[debug] [2022-05-29T00:55:17.069Z] Could not find functions.yaml. Must use http discovery
[debug] [2022-05-29T00:55:17.263Z] Serving at port 9005

[debug] [2022-05-29T00:55:17.294Z] Got response from /__/functions.yaml {"endpoints":{"helloWorld":{"platform":"gcfv1","httpsTrigger":{},"entryPoint":"helloWorld"}},"specVersion":"v1alpha1","requiredAPIs":[]}
[debug] [2022-05-29T00:55:17.297Z] shutdown requested via /__/quitquitquit

[info] ✔  functions[us-central1-helloWorld]: http function initialized (http://localhost:5001/ultra-colors-784cb/us-central1/helloWorld). {"metadata":{"emulator":{"name":"functions"},"message":"\u001b[1mhttp\u001b[22m function initialized (http://localhost:5001/ultra-colors-784cb/us-central1/helloWorld)."}}
[info] 
┌─────────────────────────────────────────────────────────────┐
│ ✔  All emulators ready! It is now safe to connect your app. │
│ i  View Emulator UI at http://localhost:4000                │
└─────────────────────────────────────────────────────────────┘

┌────────────────┬────────────────┬─────────────────────────────────┐
│ Emulator       │ Host:Port      │ View in Emulator UI             │
├────────────────┼────────────────┼─────────────────────────────────┤
│ Authentication │ localhost:9099 │ http://localhost:4000/auth      │
├────────────────┼────────────────┼─────────────────────────────────┤
│ Functions      │ localhost:5001 │ http://localhost:4000/functions │
├────────────────┼────────────────┼─────────────────────────────────┤
│ Firestore      │ localhost:8080 │ http://localhost:4000/firestore │
├────────────────┼────────────────┼─────────────────────────────────┤
│ Storage        │ localhost:9199 │ http://localhost:4000/storage   │
└────────────────┴────────────────┴─────────────────────────────────┘
  Emulator Hub running at localhost:4400
  Other reserved ports: 4500

Issues? Report them at https://github.com/firebase/firebase-tools/issues and attach the *-debug.log files.
 
